Traceback (most recent call last):
  File "C:\Users\nabil\AppData\Local\Programs\Python\Python312\Lib\site-packages\jupyter_cache\executors\utils.py", line 58, in single_nb_execution
    executenb(
  File "C:\Users\nabil\AppData\Local\Programs\Python\Python312\Lib\site-packages\nbclient\client.py", line 1319, in execute
    return NotebookClient(nb=nb, resources=resources, km=km, **kwargs).execute()
           ^^^^^^^^^^^^^^^^^^^^^^^^^^^^^^^^^^^^^^^^^^^^^^^^^^^^^^^^^^^^^^^^^^^^^
  File "C:\Users\nabil\AppData\Roaming\Python\Python312\site-packages\jupyter_core\utils\__init__.py", line 165, in wrapped
    return loop.run_until_complete(inner)
           ^^^^^^^^^^^^^^^^^^^^^^^^^^^^^^
  File "C:\Users\nabil\AppData\Local\Programs\Python\Python312\Lib\asyncio\base_events.py", line 691, in run_until_complete
    return future.result()
           ^^^^^^^^^^^^^^^
  File "C:\Users\nabil\AppData\Local\Programs\Python\Python312\Lib\site-packages\nbclient\client.py", line 709, in async_execute
    await self.async_execute_cell(
  File "C:\Users\nabil\AppData\Local\Programs\Python\Python312\Lib\site-packages\nbclient\client.py", line 1062, in async_execute_cell
    await self._check_raise_for_error(cell, cell_index, exec_reply)
  File "C:\Users\nabil\AppData\Local\Programs\Python\Python312\Lib\site-packages\nbclient\client.py", line 918, in _check_raise_for_error
    raise CellExecutionError.from_cell_and_msg(cell, exec_reply_content)
nbclient.exceptions.CellExecutionError: An error occurred while executing the following cell:
------------------
!pip install pymysql psycopg2 sqlalchemy pandas
!pip install pyod

import pandas as pd
import numpy as np
import matplotlib.pyplot as plt
import seaborn as sns
from sklearn.preprocessing import StandardScaler
from pyod.models.knn import KNN
from pyod.models.iforest import IForest  # Isolation Forest
from pyod.models.lof import LOF  # Local Outlier Factor
from sqlalchemy import create_engine
------------------

----- stdout -----
Requirement already satisfied: pymysql in c:\users\nabil\appdata\local\programs\python\python312\lib\site-packages (1.1.1)
Requirement already satisfied: psycopg2 in c:\users\nabil\appdata\local\programs\python\python312\lib\site-packages (2.9.10)
Requirement already satisfied: sqlalchemy in c:\users\nabil\appdata\local\programs\python\python312\lib\site-packages (2.0.41)
Requirement already satisfied: pandas in c:\users\nabil\appdata\local\programs\python\python312\lib\site-packages (2.2.3)
Requirement already satisfied: greenlet>=1 in c:\users\nabil\appdata\local\programs\python\python312\lib\site-packages (from sqlalchemy) (3.2.3)
Requirement already satisfied: typing-extensions>=4.6.0 in c:\users\nabil\appdata\local\programs\python\python312\lib\site-packages (from sqlalchemy) (4.12.2)
Requirement already satisfied: numpy>=1.26.0 in c:\users\nabil\appdata\local\programs\python\python312\lib\site-packages (from pandas) (1.26.4)
Requirement already satisfied: python-dateutil>=2.8.2 in c:\users\nabil\appdata\roaming\python\python312\site-packages (from pandas) (2.9.0.post0)
Requirement already satisfied: pytz>=2020.1 in c:\users\nabil\appdata\local\programs\python\python312\lib\site-packages (from pandas) (2025.2)
Requirement already satisfied: tzdata>=2022.7 in c:\users\nabil\appdata\local\programs\python\python312\lib\site-packages (from pandas) (2025.2)
Requirement already satisfied: six>=1.5 in c:\users\nabil\appdata\roaming\python\python312\site-packages (from python-dateutil>=2.8.2->pandas) (1.16.0)
----- stderr -----

[notice] A new release of pip is available: 24.3.1 -> 25.1.1
[notice] To update, run: python.exe -m pip install --upgrade pip
----- stdout -----
Collecting pyod
  Using cached pyod-2.0.5-py3-none-any.whl.metadata (46 kB)
Requirement already satisfied: joblib in c:\users\nabil\appdata\local\programs\python\python312\lib\site-packages (from pyod) (1.5.0)
Requirement already satisfied: matplotlib in c:\users\nabil\appdata\local\programs\python\python312\lib\site-packages (from pyod) (3.8.3)
Requirement already satisfied: numpy>=1.19 in c:\users\nabil\appdata\local\programs\python\python312\lib\site-packages (from pyod) (1.26.4)
Requirement already satisfied: numba>=0.51 in c:\users\nabil\appdata\local\programs\python\python312\lib\site-packages (from pyod) (0.61.2)
Requirement already satisfied: scipy>=1.5.1 in c:\users\nabil\appdata\local\programs\python\python312\lib\site-packages (from pyod) (1.15.3)
Requirement already satisfied: scikit-learn>=0.22.0 in c:\users\nabil\appdata\local\programs\python\python312\lib\site-packages (from pyod) (1.6.1)
Requirement already satisfied: llvmlite<0.45,>=0.44.0dev0 in c:\users\nabil\appdata\local\programs\python\python312\lib\site-packages (from numba>=0.51->pyod) (0.44.0)
Requirement already satisfied: threadpoolctl>=3.1.0 in c:\users\nabil\appdata\local\programs\python\python312\lib\site-packages (from scikit-learn>=0.22.0->pyod) (3.6.0)
Requirement already satisfied: contourpy>=1.0.1 in c:\users\nabil\appdata\local\programs\python\python312\lib\site-packages (from matplotlib->pyod) (1.2.0)
Requirement already satisfied: cycler>=0.10 in c:\users\nabil\appdata\local\programs\python\python312\lib\site-packages (from matplotlib->pyod) (0.12.1)
Requirement already satisfied: fonttools>=4.22.0 in c:\users\nabil\appdata\local\programs\python\python312\lib\site-packages (from matplotlib->pyod) (4.49.0)
Requirement already satisfied: kiwisolver>=1.3.1 in c:\users\nabil\appdata\local\programs\python\python312\lib\site-packages (from matplotlib->pyod) (1.4.5)
Requirement already satisfied: packaging>=20.0 in c:\users\nabil\appdata\roaming\python\python312\site-packages (from matplotlib->pyod) (23.2)
Requirement already satisfied: pillow>=8 in c:\users\nabil\appdata\local\programs\python\python312\lib\site-packages (from matplotlib->pyod) (10.2.0)
Requirement already satisfied: pyparsing>=2.3.1 in c:\users\nabil\appdata\local\programs\python\python312\lib\site-packages (from matplotlib->pyod) (3.1.1)
Requirement already satisfied: python-dateutil>=2.7 in c:\users\nabil\appdata\roaming\python\python312\site-packages (from matplotlib->pyod) (2.9.0.post0)
Requirement already satisfied: six>=1.5 in c:\users\nabil\appdata\roaming\python\python312\site-packages (from python-dateutil>=2.7->matplotlib->pyod) (1.16.0)
Using cached pyod-2.0.5-py3-none-any.whl (200 kB)
Installing collected packages: pyod
Successfully installed pyod-2.0.5
----- stderr -----

[notice] A new release of pip is available: 24.3.1 -> 25.1.1
[notice] To update, run: python.exe -m pip install --upgrade pip
------------------

[1;31m------------------------------------------------[0m
[1;31mModuleNotFoundError[0mTraceback (most recent call last)
Cell [1;32mIn[1], line 7[0m
[0;32m      5[0m [38;5;28;01mimport[39;00m [38;5;21;01mnumpy[39;00m [38;5;28;01mas[39;00m [38;5;21;01mnp[39;00m
[0;32m      6[0m [38;5;28;01mimport[39;00m [38;5;21;01mmatplotlib[39;00m[38;5;21;01m.[39;00m[38;5;21;01mpyplot[39;00m [38;5;28;01mas[39;00m [38;5;21;01mplt[39;00m
[1;32m----> 7[0m [38;5;28;01mimport[39;00m [38;5;21;01mseaborn[39;00m [38;5;28;01mas[39;00m [38;5;21;01msns[39;00m
[0;32m      8[0m [38;5;28;01mfrom[39;00m [38;5;21;01msklearn[39;00m[38;5;21;01m.[39;00m[38;5;21;01mpreprocessing[39;00m [38;5;28;01mimport[39;00m StandardScaler
[0;32m      9[0m [38;5;28;01mfrom[39;00m [38;5;21;01mpyod[39;00m[38;5;21;01m.[39;00m[38;5;21;01mmodels[39;00m[38;5;21;01m.[39;00m[38;5;21;01mknn[39;00m [38;5;28;01mimport[39;00m KNN

[1;31mModuleNotFoundError[0m: No module named 'seaborn'

