Traceback (most recent call last):
  File "C:\Users\user\AppData\Local\Programs\Python\Python311\Lib\site-packages\jupyter_core\utils\__init__.py", line 154, in wrapped
    asyncio.get_running_loop()
RuntimeError: no running event loop

During handling of the above exception, another exception occurred:

Traceback (most recent call last):
  File "C:\Users\user\AppData\Local\Programs\Python\Python311\Lib\site-packages\jupyter_cache\executors\utils.py", line 58, in single_nb_execution
    executenb(
  File "C:\Users\user\AppData\Local\Programs\Python\Python311\Lib\site-packages\nbclient\client.py", line 1319, in execute
    return NotebookClient(nb=nb, resources=resources, km=km, **kwargs).execute()
           ^^^^^^^^^^^^^^^^^^^^^^^^^^^^^^^^^^^^^^^^^^^^^^^^^^^^^^^^^^^^^^^^^^^^^
  File "C:\Users\user\AppData\Local\Programs\Python\Python311\Lib\site-packages\jupyter_core\utils\__init__.py", line 158, in wrapped
    return loop.run_until_complete(inner)
           ^^^^^^^^^^^^^^^^^^^^^^^^^^^^^^
  File "C:\Users\user\AppData\Local\Programs\Python\Python311\Lib\asyncio\base_events.py", line 653, in run_until_complete
    return future.result()
           ^^^^^^^^^^^^^^^
  File "C:\Users\user\AppData\Local\Programs\Python\Python311\Lib\site-packages\nbclient\client.py", line 709, in async_execute
    await self.async_execute_cell(
  File "C:\Users\user\AppData\Local\Programs\Python\Python311\Lib\site-packages\nbclient\client.py", line 1062, in async_execute_cell
    await self._check_raise_for_error(cell, cell_index, exec_reply)
  File "C:\Users\user\AppData\Local\Programs\Python\Python311\Lib\site-packages\nbclient\client.py", line 918, in _check_raise_for_error
    raise CellExecutionError.from_cell_and_msg(cell, exec_reply_content)
nbclient.exceptions.CellExecutionError: An error occurred while executing the following cell:
------------------
# Load data training dan testing
# Dataset menggunakan format space-separated values

train_data = np.loadtxt('Wine_TRAIN.txt')
test_data = np.loadtxt('Wine_TEST.txt')

print(f"Data berhasil dimuat!")
print(f"Shape data training: {train_data.shape}")
print(f"Shape data testing: {test_data.shape}")
------------------


[31m---------------------------------------------------------------------------[39m
[31mFileNotFoundError[39m                         Traceback (most recent call last)
[36mCell[39m[36m [39m[32mIn[2][39m[32m, line 4[39m
[32m      1[39m [38;5;66;03m# Load data training dan testing[39;00m
[32m      2[39m [38;5;66;03m# Dataset menggunakan format space-separated values[39;00m
[32m----> [39m[32m4[39m train_data = [43mnp[49m[43m.[49m[43mloadtxt[49m[43m([49m[33;43m'[39;49m[33;43mWine_TRAIN.txt[39;49m[33;43m'[39;49m[43m)[49m
[32m      5[39m test_data = np.loadtxt([33m'[39m[33mWine_TEST.txt[39m[33m'[39m)
[32m      7[39m [38;5;28mprint[39m([33mf[39m[33m"[39m[33mData berhasil dimuat![39m[33m"[39m)

[36mFile [39m[32m~\AppData\Local\Programs\Python\Python311\Lib\site-packages\numpy\lib\npyio.py:1373[39m, in [36mloadtxt[39m[34m(fname, dtype, comments, delimiter, converters, skiprows, usecols, unpack, ndmin, encoding, max_rows, quotechar, like)[39m
[32m   1370[39m [38;5;28;01mif[39;00m [38;5;28misinstance[39m(delimiter, [38;5;28mbytes[39m):
[32m   1371[39m     delimiter = delimiter.decode([33m'[39m[33mlatin1[39m[33m'[39m)
[32m-> [39m[32m1373[39m arr = [43m_read[49m[43m([49m[43mfname[49m[43m,[49m[43m [49m[43mdtype[49m[43m=[49m[43mdtype[49m[43m,[49m[43m [49m[43mcomment[49m[43m=[49m[43mcomment[49m[43m,[49m[43m [49m[43mdelimiter[49m[43m=[49m[43mdelimiter[49m[43m,[49m
[32m   1374[39m [43m            [49m[43mconverters[49m[43m=[49m[43mconverters[49m[43m,[49m[43m [49m[43mskiplines[49m[43m=[49m[43mskiprows[49m[43m,[49m[43m [49m[43musecols[49m[43m=[49m[43musecols[49m[43m,[49m
[32m   1375[39m [43m            [49m[43munpack[49m[43m=[49m[43munpack[49m[43m,[49m[43m [49m[43mndmin[49m[43m=[49m[43mndmin[49m[43m,[49m[43m [49m[43mencoding[49m[43m=[49m[43mencoding[49m[43m,[49m
[32m   1376[39m [43m            [49m[43mmax_rows[49m[43m=[49m[43mmax_rows[49m[43m,[49m[43m [49m[43mquote[49m[43m=[49m[43mquotechar[49m[43m)[49m
[32m   1378[39m [38;5;28;01mreturn[39;00m arr

[36mFile [39m[32m~\AppData\Local\Programs\Python\Python311\Lib\site-packages\numpy\lib\npyio.py:992[39m, in [36m_read[39m[34m(fname, delimiter, comment, quote, imaginary_unit, usecols, skiplines, max_rows, converters, ndmin, unpack, dtype, encoding)[39m
[32m    990[39m     fname = os.fspath(fname)
[32m    991[39m [38;5;28;01mif[39;00m [38;5;28misinstance[39m(fname, [38;5;28mstr[39m):
[32m--> [39m[32m992[39m     fh = [43mnp[49m[43m.[49m[43mlib[49m[43m.[49m[43m_datasource[49m[43m.[49m[43mopen[49m[43m([49m[43mfname[49m[43m,[49m[43m [49m[33;43m'[39;49m[33;43mrt[39;49m[33;43m'[39;49m[43m,[49m[43m [49m[43mencoding[49m[43m=[49m[43mencoding[49m[43m)[49m
[32m    993[39m     [38;5;28;01mif[39;00m encoding [38;5;129;01mis[39;00m [38;5;28;01mNone[39;00m:
[32m    994[39m         encoding = [38;5;28mgetattr[39m(fh, [33m'[39m[33mencoding[39m[33m'[39m, [33m'[39m[33mlatin1[39m[33m'[39m)

[36mFile [39m[32m~\AppData\Local\Programs\Python\Python311\Lib\site-packages\numpy\lib\_datasource.py:193[39m, in [36mopen[39m[34m(path, mode, destpath, encoding, newline)[39m
[32m    156[39m [38;5;250m[39m[33;03m"""[39;00m
[32m    157[39m [33;03mOpen `path` with `mode` and return the file object.[39;00m
[32m    158[39m 
[32m   (...)[39m[32m    189[39m 
[32m    190[39m [33;03m"""[39;00m
[32m    192[39m ds = DataSource(destpath)
[32m--> [39m[32m193[39m [38;5;28;01mreturn[39;00m [43mds[49m[43m.[49m[43mopen[49m[43m([49m[43mpath[49m[43m,[49m[43m [49m[43mmode[49m[43m,[49m[43m [49m[43mencoding[49m[43m=[49m[43mencoding[49m[43m,[49m[43m [49m[43mnewline[49m[43m=[49m[43mnewline[49m[43m)[49m

[36mFile [39m[32m~\AppData\Local\Programs\Python\Python311\Lib\site-packages\numpy\lib\_datasource.py:533[39m, in [36mDataSource.open[39m[34m(self, path, mode, encoding, newline)[39m
[32m    530[39m     [38;5;28;01mreturn[39;00m _file_openers[ext](found, mode=mode,
[32m    531[39m                               encoding=encoding, newline=newline)
[32m    532[39m [38;5;28;01melse[39;00m:
[32m--> [39m[32m533[39m     [38;5;28;01mraise[39;00m [38;5;167;01mFileNotFoundError[39;00m([33mf[39m[33m"[39m[38;5;132;01m{[39;00mpath[38;5;132;01m}[39;00m[33m not found.[39m[33m"[39m)

[31mFileNotFoundError[39m: Wine_TRAIN.txt not found.

